<?xml version="1.0" encoding="UTF-8"?>
<!-- Generated by org.testng.reporters.JUnitReportReporter -->
<testsuite hostname="IN026-LAB-0048" failures="0" tests="1" name="testCases.Test1" time="21.500" errors="0" timestamp="2023-10-25T08:39:45 IST" skipped="0">
  <testcase classname="testCases.Test1" name="setUp" time="21.500"/>
  <system-out/>
</testsuite> <!-- testCases.Test1 -->
