<?xml version="1.0" encoding="UTF-8"?>
<!-- Generated by org.testng.reporters.JUnitReportReporter -->
<testsuite hostname="IN026-LAB-0048" failures="0" tests="1" name="testCases.Login01" time="4.761" errors="0" timestamp="2023-10-25T11:09:35 IST" skipped="0">
  <testcase classname="testCases.Login01" name="loginapp" time="4.761"/>
  <system-out/>
</testsuite> <!-- testCases.Login01 -->
