<?xml version="1.0" encoding="UTF-8"?>
<!-- Generated by org.testng.reporters.JUnitReportReporter -->
<testsuite hostname="IN026-LAB-0048" failures="0" tests="1" name="testCases.Booknow_001" time="0.262" errors="0" timestamp="2023-10-26T18:32:31 IST" skipped="0">
  <testcase classname="testCases.Booknow_001" name="booknow" time="0.262"/>
  <system-out/>
</testsuite> <!-- testCases.Booknow_001 -->
